<?xml version="1.0" encoding="UTF-8"?>
<!-- Generated by org.testng.reporters.JUnitXMLReporter -->
<testsuite ignored="0" hostname="Saifuls-MacBook-Pro.local" failures="0" tests="3" name="SwaglabCheckoutTest" time="17.655" errors="0" timestamp="2024-09-18T16:30:38 EDT">
  <testcase classname="com.pro.testcases.CheckoutTest" name="TestCheckOut" time="4.021"/>
  <testcase classname="com.pro.testcases.CheckoutTest" name="TestCheckOut2" time="2.94"/>
  <testcase classname="com.pro.testcases.CheckoutTest" name="TestCheckOut3" time="2.839"/>
</testsuite> <!-- SwaglabCheckoutTest -->
