<?xml version="1.0" encoding="UTF-8"?>
<!-- Generated by org.testng.reporters.JUnitXMLReporter -->
<testsuite ignored="0" hostname="Saifuls-MacBook-Pro.local" failures="0" tests="3" name="Test" time="11.485" errors="0" timestamp="2024-09-18T16:34:25 EDT">
  <testcase classname="com.pro.testcases.HomePageTest" name="Testswaglablogin" time="1.124"/>
  <testcase classname="com.pro.testcases.HomePageTest" name="TestAddToCart" time="0.599"/>
  <testcase classname="com.pro.testcases.HomePageTest" name="TestCheckOut" time="2.379"/>
</testsuite> <!-- Test -->
